{
  "stats": {
    "suites": 1,
    "tests": 5,
    "passes": 5,
    "pending": 0,
    "failures": 0,
    "start": "2021-11-03T18:09:20.781Z",
    "end": "2021-11-03T18:09:35.451Z",
    "duration": 14670,
    "testsRegistered": 5,
    "passPercent": 100,
    "pendingPercent": 0,
    "other": 0,
    "hasOther": false,
    "skipped": 0,
    "hasSkipped": false
  },
  "results": [
    {
      "uuid": "7040fc7d-0687-4a33-85fc-293afe560f0e",
      "title": "",
      "fullFile": "cypress/integration/my_first_test_suite.js",
      "file": "cypress/integration/my_first_test_suite.js",
      "beforeHooks": [],
      "afterHooks": [],
      "tests": [],
      "suites": [
        {
          "uuid": "7303ba78-07fc-42b3-b105-1aead2d7206d",
          "title": "test suite",
          "fullFile": "",
          "file": "",
          "beforeHooks": [],
          "afterHooks": [],
          "tests": [
            {
              "title": "Create a client",
              "fullTitle": "test suite Create a client",
              "timedOut": null,
              "duration": 3248,
              "state": "passed",
              "speed": "slow",
              "pass": true,
              "fail": false,
              "pending": false,
              "context": null,
              "code": "dashboardPageFunctions.enterClientsFromDashboard(cy);\nclientPageFunctions.checkTitleOfClientPage(cy);\nclientPageFunctions.createClient(cy, targets.fakeName, targets.fakeEmail, targets.fakeTelephone, 'Clients');",
              "err": {},
              "uuid": "1a5a6c84-6ef0-4217-b32a-f1954193ab5d",
              "parentUUID": "7303ba78-07fc-42b3-b105-1aead2d7206d",
              "isHook": false,
              "skipped": false
            },
            {
              "title": "Fail to create a client",
              "fullTitle": "test suite Fail to create a client",
              "timedOut": null,
              "duration": 2047,
              "state": "passed",
              "speed": "slow",
              "pass": true,
              "fail": false,
              "pending": false,
              "context": null,
              "code": "dashboardPageFunctions.enterClientsFromDashboard(cy);\nclientPageFunctions.checkTitleOfClientPage(cy);\nclientPageFunctions.failToCreateClient(cy);",
              "err": {},
              "uuid": "4b343d9f-96f8-4370-83a1-d4999e593024",
              "parentUUID": "7303ba78-07fc-42b3-b105-1aead2d7206d",
              "isHook": false,
              "skipped": false
            },
            {
              "title": "Delete the third client",
              "fullTitle": "test suite Delete the third client",
              "timedOut": null,
              "duration": 2061,
              "state": "passed",
              "speed": "slow",
              "pass": true,
              "fail": false,
              "pending": false,
              "context": null,
              "code": "dashboardPageFunctions.enterClientsFromDashboard(cy);\nclientPageFunctions.checkTitleOfClientPage(cy);\nclientPageFunctions.deleteThirdClient(cy);",
              "err": {},
              "uuid": "7a3711b3-608e-4cb0-b517-17e490042651",
              "parentUUID": "7303ba78-07fc-42b3-b105-1aead2d7206d",
              "isHook": false,
              "skipped": false
            },
            {
              "title": "Fail to create a room",
              "fullTitle": "test suite Fail to create a room",
              "timedOut": null,
              "duration": 2030,
              "state": "passed",
              "speed": "slow",
              "pass": true,
              "fail": false,
              "pending": false,
              "context": null,
              "code": "dashboardPageFunctions.enterRoomsFromDashboard(cy);\nroomsPageFunctions.checkTitleOfRoomsPage(cy);\nroomsPageFunctions.failToCreateRoom(cy);",
              "err": {},
              "uuid": "08b36399-3bfc-491b-95de-94f8a2b1f445",
              "parentUUID": "7303ba78-07fc-42b3-b105-1aead2d7206d",
              "isHook": false,
              "skipped": false
            },
            {
              "title": "Create and delete room",
              "fullTitle": "test suite Create and delete room",
              "timedOut": null,
              "duration": 3369,
              "state": "passed",
              "speed": "slow",
              "pass": true,
              "fail": false,
              "pending": false,
              "context": null,
              "code": "dashboardPageFunctions.enterRoomsFromDashboard(cy);\nroomsPageFunctions.checkTitleOfRoomsPage(cy);\nroomsPageFunctions.createRoom(cy, targets.category, targets.roomNumber, targets.roomFloor, targets.roomPrice, targets.features, 'Rooms');\nroomsPageFunctions.deleteRoom(cy);",
              "err": {},
              "uuid": "a511347a-5fcd-4ba3-93f6-62e3fcb1a9ff",
              "parentUUID": "7303ba78-07fc-42b3-b105-1aead2d7206d",
              "isHook": false,
              "skipped": false
            }
          ],
          "suites": [],
          "passes": [
            "1a5a6c84-6ef0-4217-b32a-f1954193ab5d",
            "4b343d9f-96f8-4370-83a1-d4999e593024",
            "7a3711b3-608e-4cb0-b517-17e490042651",
            "08b36399-3bfc-491b-95de-94f8a2b1f445",
            "a511347a-5fcd-4ba3-93f6-62e3fcb1a9ff"
          ],
          "failures": [],
          "pending": [],
          "skipped": [],
          "duration": 12755,
          "root": false,
          "rootEmpty": false,
          "_timeout": 2000
        }
      ],
      "passes": [],
      "failures": [],
      "pending": [],
      "skipped": [],
      "duration": 0,
      "root": true,
      "rootEmpty": true,
      "_timeout": 2000
    }
  ],
  "meta": {
    "mocha": {
      "version": "7.0.1"
    },
    "mochawesome": {
      "options": {
        "quiet": false,
        "reportFilename": "mochawesome",
        "saveHtml": true,
        "saveJson": true,
        "consoleReporter": "spec",
        "useInlineDiffs": false,
        "code": true
      },
      "version": "6.3.1"
    },
    "marge": {
      "options": {},
      "version": "5.2.0"
    }
  }
}